2025-04-02 11:21:20.124 [main] INFO  c.a.service_B.ServiceBApplication - Starting ServiceBApplication using Java 21.0.2 with PID 43092 (D:\Assignment\service_B\target\classes started by mmesh in D:\Assignment\service_B)
2025-04-02 11:21:20.124 [main] DEBUG c.a.service_B.ServiceBApplication - Running with Spring Boot v3.4.4, Spring v6.2.5
2025-04-02 11:21:20.140 [main] INFO  c.a.service_B.ServiceBApplication - No active profile set, falling back to 1 default profile: "default"
2025-04-02 11:21:22.165 [main] INFO  o.s.d.r.c.RepositoryConfigurationDelegate - Bootstrapping Spring Data JPA repositories in DEFAULT mode.
2025-04-02 11:21:22.244 [main] INFO  o.s.d.r.c.RepositoryConfigurationDelegate - Finished Spring Data repository scanning in 63 ms. Found 1 JPA repository interface.
2025-04-02 11:21:22.690 [main] INFO  o.s.cloud.context.scope.GenericScope - BeanFactory id=31ce32ec-c538-33ab-9dae-83312c2e0891
2025-04-02 11:21:23.924 [main] INFO  o.s.b.w.e.tomcat.TomcatWebServer - Tomcat initialized with port 7081 (http)
2025-04-02 11:21:23.939 [main] INFO  o.a.coyote.http11.Http11NioProtocol - Initializing ProtocolHandler ["http-nio-7081"]
2025-04-02 11:21:23.939 [main] INFO  o.a.catalina.core.StandardService - Starting service [Tomcat]
2025-04-02 11:21:23.939 [main] INFO  o.a.catalina.core.StandardEngine - Starting Servlet engine: [Apache Tomcat/10.1.39]
2025-04-02 11:21:24.065 [main] INFO  o.a.c.c.C.[Tomcat].[localhost].[/] - Initializing Spring embedded WebApplicationContext
2025-04-02 11:21:24.065 [main] INFO  o.s.b.w.s.c.ServletWebServerApplicationContext - Root WebApplicationContext: initialization completed in 3804 ms
2025-04-02 11:21:25.305 [main] INFO  o.s.o.j.p.SpringPersistenceUnitInfo - No LoadTimeWeaver setup: ignoring JPA class transformer
2025-04-02 11:21:25.352 [main] INFO  com.zaxxer.hikari.HikariDataSource - HikariPool-1 - Starting...
2025-04-02 11:21:25.587 [main] INFO  com.zaxxer.hikari.pool.HikariPool - HikariPool-1 - Added connection conn0: url=jdbc:h2:mem:serviceBDB user=SA
2025-04-02 11:21:25.587 [main] INFO  com.zaxxer.hikari.HikariDataSource - HikariPool-1 - Start completed.
2025-04-02 11:21:25.619 [main] WARN  org.hibernate.orm.deprecation - HHH90000025: H2Dialect does not need to be specified explicitly using 'hibernate.dialect' (remove the property setting and it will be selected by default)
2025-04-02 11:21:26.688 [main] INFO  o.s.o.j.LocalContainerEntityManagerFactoryBean - Initialized JPA EntityManagerFactory for persistence unit 'default'
2025-04-02 11:21:27.401 [main] WARN  o.s.b.w.s.c.AnnotationConfigServletWebServerApplicationContext - Exception encountered during context initialization - cancelling refresh attempt: org.springframework.beans.factory.UnsatisfiedDependencyException: Error creating bean with name 'compensationController' defined in file [D:\Assignment\service_B\target\classes\com\assignment\service_B\controller\CompensationController.class]: Unsatisfied dependency expressed through constructor parameter 0: Error creating bean with name 'sagaParticipantService' defined in file [D:\Assignment\service_B\target\classes\com\assignment\service_B\service\SagaParticipantService.class]: Unsatisfied dependency expressed through constructor parameter 1: No qualifying bean of type 'org.springframework.web.client.RestTemplate' available: expected at least 1 bean which qualifies as autowire candidate. Dependency annotations: {}
2025-04-02 11:21:27.401 [main] INFO  o.s.o.j.LocalContainerEntityManagerFactoryBean - Closing JPA EntityManagerFactory for persistence unit 'default'
2025-04-02 11:21:27.401 [main] INFO  com.zaxxer.hikari.HikariDataSource - HikariPool-1 - Shutdown initiated...
2025-04-02 11:21:27.410 [main] INFO  com.zaxxer.hikari.HikariDataSource - HikariPool-1 - Shutdown completed.
2025-04-02 11:21:27.410 [main] INFO  o.a.catalina.core.StandardService - Stopping service [Tomcat]
2025-04-02 11:21:27.442 [main] INFO  o.s.b.a.l.ConditionEvaluationReportLogger - 

Error starting ApplicationContext. To display the condition evaluation report re-run your application with 'debug' enabled.
2025-04-02 11:21:27.473 [main] ERROR o.s.b.d.LoggingFailureAnalysisReporter - 

***************************
APPLICATION FAILED TO START
***************************

Description:

Parameter 1 of constructor in com.assignment.service_B.service.SagaParticipantService required a bean of type 'org.springframework.web.client.RestTemplate' that could not be found.


Action:

Consider defining a bean of type 'org.springframework.web.client.RestTemplate' in your configuration.

2025-04-02 11:23:09.986 [main] INFO  c.a.service_B.ServiceBApplication - Starting ServiceBApplication using Java 21.0.2 with PID 2920 (D:\Assignment\service_B\target\classes started by mmesh in D:\Assignment\service_B)
2025-04-02 11:23:09.988 [main] DEBUG c.a.service_B.ServiceBApplication - Running with Spring Boot v3.4.4, Spring v6.2.5
2025-04-02 11:23:09.988 [main] INFO  c.a.service_B.ServiceBApplication - No active profile set, falling back to 1 default profile: "default"
2025-04-02 11:23:12.164 [main] INFO  o.s.d.r.c.RepositoryConfigurationDelegate - Bootstrapping Spring Data JPA repositories in DEFAULT mode.
2025-04-02 11:23:12.242 [main] INFO  o.s.d.r.c.RepositoryConfigurationDelegate - Finished Spring Data repository scanning in 65 ms. Found 1 JPA repository interface.
2025-04-02 11:23:12.838 [main] INFO  o.s.cloud.context.scope.GenericScope - BeanFactory id=73690a86-744c-3ef2-a5ae-90a74af2d6cf
2025-04-02 11:23:14.156 [main] INFO  o.s.b.w.e.tomcat.TomcatWebServer - Tomcat initialized with port 7081 (http)
2025-04-02 11:23:14.171 [main] INFO  o.a.coyote.http11.Http11NioProtocol - Initializing ProtocolHandler ["http-nio-7081"]
2025-04-02 11:23:14.171 [main] INFO  o.a.catalina.core.StandardService - Starting service [Tomcat]
2025-04-02 11:23:14.171 [main] INFO  o.a.catalina.core.StandardEngine - Starting Servlet engine: [Apache Tomcat/10.1.39]
2025-04-02 11:23:14.313 [main] INFO  o.a.c.c.C.[Tomcat].[localhost].[/] - Initializing Spring embedded WebApplicationContext
2025-04-02 11:23:14.313 [main] INFO  o.s.b.w.s.c.ServletWebServerApplicationContext - Root WebApplicationContext: initialization completed in 4212 ms
2025-04-02 11:23:15.600 [main] INFO  o.s.o.j.p.SpringPersistenceUnitInfo - No LoadTimeWeaver setup: ignoring JPA class transformer
2025-04-02 11:23:15.631 [main] INFO  com.zaxxer.hikari.HikariDataSource - HikariPool-1 - Starting...
2025-04-02 11:23:15.800 [main] INFO  com.zaxxer.hikari.pool.HikariPool - HikariPool-1 - Added connection conn0: url=jdbc:h2:mem:serviceBDB user=SA
2025-04-02 11:23:15.804 [main] INFO  com.zaxxer.hikari.HikariDataSource - HikariPool-1 - Start completed.
2025-04-02 11:23:15.820 [main] WARN  org.hibernate.orm.deprecation - HHH90000025: H2Dialect does not need to be specified explicitly using 'hibernate.dialect' (remove the property setting and it will be selected by default)
2025-04-02 11:23:16.749 [main] INFO  o.s.o.j.LocalContainerEntityManagerFactoryBean - Initialized JPA EntityManagerFactory for persistence unit 'default'
2025-04-02 11:23:17.612 [main] INFO  c.a.s.service.RecoveryService - Recovering incomplete transactions on service startup...
2025-04-02 11:23:17.957 [main] INFO  c.a.s.service.RecoveryService - No incomplete transactions found.
2025-04-02 11:23:18.318 [main] WARN  o.s.b.a.o.j.JpaBaseConfiguration$JpaWebConfiguration - spring.jpa.open-in-view is enabled by default. Therefore, database queries may be performed during view rendering. Explicitly configure spring.jpa.open-in-view to disable this warning
2025-04-02 11:23:20.248 [main] INFO  o.s.b.a.h.H2ConsoleAutoConfiguration - H2 console available at '/h2-console'. Database available at 'jdbc:h2:mem:serviceBDB'
2025-04-02 11:23:20.421 [main] INFO  o.s.b.a.e.web.EndpointLinksResolver - Exposing 1 endpoint beneath base path '/actuator'
2025-04-02 11:23:20.572 [main] INFO  o.a.coyote.http11.Http11NioProtocol - Starting ProtocolHandler ["http-nio-7081"]
2025-04-02 11:23:20.604 [main] INFO  o.s.b.w.e.tomcat.TomcatWebServer - Tomcat started on port 7081 (http) with context path '/'
2025-04-02 11:23:20.635 [main] INFO  c.a.service_B.ServiceBApplication - Started ServiceBApplication in 11.649 seconds (process running for 12.542)
2025-04-02 11:23:25.879 [SpringApplicationShutdownHook] INFO  o.s.b.w.e.tomcat.GracefulShutdown - Commencing graceful shutdown. Waiting for active requests to complete
2025-04-02 11:23:25.895 [tomcat-shutdown] INFO  o.s.b.w.e.tomcat.GracefulShutdown - Graceful shutdown complete
2025-04-02 11:23:25.895 [SpringApplicationShutdownHook] INFO  o.s.o.j.LocalContainerEntityManagerFactoryBean - Closing JPA EntityManagerFactory for persistence unit 'default'
2025-04-02 11:23:25.895 [SpringApplicationShutdownHook] INFO  com.zaxxer.hikari.HikariDataSource - HikariPool-1 - Shutdown initiated...
2025-04-02 11:23:25.895 [SpringApplicationShutdownHook] INFO  com.zaxxer.hikari.HikariDataSource - HikariPool-1 - Shutdown completed.
